  main.cpp
c:\users\judgementine\documents\github\image-simulated-annealing\graphics_examples\sdl_sa_img\main.cpp(65): warning C4305: 'initializing': truncation from 'double' to 'float'
c:\users\judgementine\documents\github\image-simulated-annealing\graphics_examples\sdl_sa_img\main.cpp(67): warning C4244: 'initializing': conversion from 'double' to 'int', possible loss of data
c:\users\judgementine\documents\github\image-simulated-annealing\graphics_examples\sdl_sa_img\main.cpp(77): warning C4244: 'initializing': conversion from 'double' to 'float', possible loss of data
c:\users\judgementine\documents\github\image-simulated-annealing\graphics_examples\sdl_sa_img\main.cpp(78): warning C4244: 'initializing': conversion from 'double' to 'float', possible loss of data
c:\users\judgementine\documents\github\image-simulated-annealing\graphics_examples\sdl_sa_img\main.cpp(80): warning C4244: '+=': conversion from 'float' to 'int', possible loss of data
c:\users\judgementine\documents\github\image-simulated-annealing\graphics_examples\sdl_sa_img\main.cpp(81): warning C4244: '+=': conversion from 'float' to 'int', possible loss of data
c:\users\judgementine\documents\github\image-simulated-annealing\graphics_examples\sdl_sa_img\main.cpp(89): warning C4244: 'initializing': conversion from 'double' to 'float', possible loss of data
c:\users\judgementine\documents\github\image-simulated-annealing\graphics_examples\sdl_sa_img\main.cpp(90): warning C4244: 'initializing': conversion from 'double' to 'float', possible loss of data
c:\users\judgementine\documents\github\image-simulated-annealing\graphics_examples\sdl_sa_img\main.cpp(91): warning C4244: 'initializing': conversion from 'double' to 'float', possible loss of data
c:\users\judgementine\documents\github\image-simulated-annealing\graphics_examples\sdl_sa_img\main.cpp(100): warning C4244: '=': conversion from 'float' to 'unsigned char', possible loss of data
c:\users\judgementine\documents\github\image-simulated-annealing\graphics_examples\sdl_sa_img\main.cpp(101): warning C4244: '=': conversion from 'float' to 'unsigned char', possible loss of data
c:\users\judgementine\documents\github\image-simulated-annealing\graphics_examples\sdl_sa_img\main.cpp(102): warning C4244: '=': conversion from 'float' to 'unsigned char', possible loss of data
c:\users\judgementine\documents\github\image-simulated-annealing\graphics_examples\sdl_sa_img\main.cpp(105): warning C4244: 'initializing': conversion from 'double' to 'float', possible loss of data
c:\users\judgementine\documents\github\image-simulated-annealing\graphics_examples\sdl_sa_img\main.cpp(106): warning C4244: 'initializing': conversion from 'double' to 'float', possible loss of data
c:\users\judgementine\documents\github\image-simulated-annealing\graphics_examples\sdl_sa_img\main.cpp(107): warning C4244: '=': conversion from 'int' to 'float', possible loss of data
c:\users\judgementine\documents\github\image-simulated-annealing\graphics_examples\sdl_sa_img\main.cpp(108): warning C4244: '=': conversion from 'int' to 'float', possible loss of data
c:\users\judgementine\documents\github\image-simulated-annealing\graphics_examples\sdl_sa_img\main.cpp(109): warning C4244: '=': conversion from 'int' to 'float', possible loss of data
c:\users\judgementine\documents\github\image-simulated-annealing\graphics_examples\sdl_sa_img\main.cpp(110): warning C4244: '=': conversion from 'int' to 'float', possible loss of data
c:\users\judgementine\documents\github\image-simulated-annealing\graphics_examples\sdl_sa_img\main.cpp(112): warning C4244: '=': conversion from 'float' to 'int', possible loss of data
c:\users\judgementine\documents\github\image-simulated-annealing\graphics_examples\sdl_sa_img\main.cpp(113): warning C4244: '=': conversion from 'float' to 'int', possible loss of data
c:\users\judgementine\documents\github\image-simulated-annealing\graphics_examples\sdl_sa_img\main.cpp(147): warning C4244: '=': conversion from 'double' to 'unsigned char', possible loss of data
c:\users\judgementine\documents\github\image-simulated-annealing\graphics_examples\sdl_sa_img\main.cpp(148): warning C4244: '=': conversion from 'double' to 'unsigned char', possible loss of data
c:\users\judgementine\documents\github\image-simulated-annealing\graphics_examples\sdl_sa_img\main.cpp(149): warning C4244: '=': conversion from 'double' to 'unsigned char', possible loss of data
c:\users\judgementine\documents\github\image-simulated-annealing\graphics_examples\sdl_sa_img\main.cpp(273): warning C4244: 'initializing': conversion from 'double' to 'float', possible loss of data
c:\users\judgementine\documents\github\image-simulated-annealing\graphics_examples\sdl_sa_img\main.cpp(274): warning C4244: 'initializing': conversion from 'double' to 'float', possible loss of data
c:\users\judgementine\documents\github\image-simulated-annealing\graphics_examples\sdl_sa_img\main.cpp(322): warning C4244: 'argument': conversion from 'time_t' to 'unsigned int', possible loss of data
  Generating code
  2 of 12 functions (16.7%) were compiled, the rest were copied from previous compilation.
    0 functions were new in current compilation
    0 functions had inline decision re-evaluated but remain unchanged
  Finished generating code
  SDL_intro.vcxproj -> C:\Users\judgementine\Documents\GitHub\Image-Simulated-annealing\graphics_examples\SDL_SA_img\Release\SDL_intro.exe
